<?xml version="1.0" encoding="UTF-8"?>
<!-- Generated by org.testng.reporters.JUnitReportReporter -->
<testsuite name="p1.File1" tests="1" time="5.906" ignored="0" failures="0" timestamp="19 Jul 2019 09:36:13 GMT" skipped="0" hostname="vmt5023" errors="0">
  <testcase name="f" time="5.906" classname="p1.File1"/>
</testsuite> <!-- p1.File1 -->
